<?xml version="1.0" encoding="UTF-8"?>
<!-- Generated by org.testng.reporters.JUnitReportReporter -->
<testsuite hostname="Z1-471" failures="0" tests="1" name="com.qa.testscripts.Demo1" time="164.958" errors="0" timestamp="2022-01-18T18:37:53 IST" skipped="0">
  <testcase classname="com.qa.testscripts.Demo1" name="p1" time="164.958"/>
  <system-out/>
</testsuite> <!-- com.qa.testscripts.Demo1 -->
