<?xml version="1.0" encoding="UTF-8"?>
<!-- Generated by org.testng.reporters.JUnitReportReporter -->
<testsuite hostname="Z1-471" failures="0" tests="1" name="com.qa.testscripts.demo" time="0.033" errors="0" timestamp="2022-01-23T09:22:13 IST" skipped="0">
  <testcase classname="com.qa.testscripts.demo" name="publ" time="0.033"/>
  <system-out/>
</testsuite> <!-- com.qa.testscripts.demo -->
